
*** Running vivado
    with args -log Driver_SK6805_0.vds -m64 -product Vivado -mode batch -messageDb vivado.pb -notrace -source Driver_SK6805_0.tcl


****** Vivado v2018.3 (64-bit)
  **** SW Build 2405991 on Thu Dec  6 23:38:27 MST 2018
  **** IP Build 2404404 on Fri Dec  7 01:43:56 MST 2018
    ** Copyright 1986-2018 Xilinx, Inc. All Rights Reserved.

source Driver_SK6805_0.tcl -notrace
INFO: [IP_Flow 19-234] Refreshing IP repositories
INFO: [IP_Flow 19-1700] Loaded user IP repository 'e:/Xilinxworkspace/Lab_11_2'.
WARNING: [IP_Flow 19-3656] If you move the project, the path for repository 'e:/Xilinxworkspace/Lab_11_2' may become invalid. A better location for the repository would be in a path adjacent to the project. (Current project location is 'e:/Xilinxworkspace/Lab_11_2/Lab_11_2.runs/Driver_SK6805_0_synth_1'.)
INFO: [IP_Flow 19-2313] Loaded Vivado IP repository 'E:/Xilinx/Vivado/2018.3/data/ip'.
Command: synth_design -top Driver_SK6805_0 -part xc7s15ftgb196-1 -mode out_of_context
Starting synth_design
Attempting to get a license for feature 'Synthesis' and/or device 'xc7s15'
INFO: [Common 17-349] Got license for feature 'Synthesis' and/or device 'xc7s15'
INFO: Launching helper process for spawning children vivado processes
INFO: Helper process launched with PID 6088 
---------------------------------------------------------------------------------
Starting RTL Elaboration : Time (s): cpu = 00:00:03 ; elapsed = 00:00:05 . Memory (MB): peak = 468.070 ; gain = 103.043
---------------------------------------------------------------------------------
INFO: [Synth 8-6157] synthesizing module 'Driver_SK6805_0' [e:/Xilinxworkspace/Lab_11_2/Lab_11_2.srcs/sources_1/ip/Driver_SK6805_0/synth/Driver_SK6805_0.v:58]
INFO: [Synth 8-6157] synthesizing module 'Driver_SK6805' [e:/Xilinxworkspace/Lab_11_2/Lab_11_2.srcs/sources_1/ip/Driver_SK6805_0/src/Driver_SK6805.v:34]
	Parameter Period_Send bound to: 12 - type: integer 
	Parameter Division_Factor bound to: 1000 - type: integer 
	Parameter RGB_All_Bit bound to: 48 - type: integer 
	Parameter CODE_High_0 bound to: 3 - type: integer 
	Parameter CODE_High_1 bound to: 9 - type: integer 
INFO: [Synth 8-155] case statement is not full and has no default [e:/Xilinxworkspace/Lab_11_2/Lab_11_2.srcs/sources_1/ip/Driver_SK6805_0/src/Driver_SK6805.v:99]
INFO: [Synth 8-6155] done synthesizing module 'Driver_SK6805' (1#1) [e:/Xilinxworkspace/Lab_11_2/Lab_11_2.srcs/sources_1/ip/Driver_SK6805_0/src/Driver_SK6805.v:34]
INFO: [Synth 8-6155] done synthesizing module 'Driver_SK6805_0' (2#1) [e:/Xilinxworkspace/Lab_11_2/Lab_11_2.srcs/sources_1/ip/Driver_SK6805_0/synth/Driver_SK6805_0.v:58]
---------------------------------------------------------------------------------
Finished RTL Elaboration : Time (s): cpu = 00:00:04 ; elapsed = 00:00:06 . Memory (MB): peak = 523.344 ; gain = 158.316
---------------------------------------------------------------------------------

Report Check Netlist: 
+------+------------------+-------+---------+-------+------------------+
|      |Item              |Errors |Warnings |Status |Description       |
+------+------------------+-------+---------+-------+------------------+
|1     |multi_driven_nets |      0|        0|Passed |Multi driven nets |
+------+------------------+-------+---------+-------+------------------+
---------------------------------------------------------------------------------
Start Handling Custom Attributes
---------------------------------------------------------------------------------
---------------------------------------------------------------------------------
Finished Handling Custom Attributes : Time (s): cpu = 00:00:04 ; elapsed = 00:00:07 . Memory (MB): peak = 523.344 ; gain = 158.316
---------------------------------------------------------------------------------
---------------------------------------------------------------------------------
Finished RTL Optimization Phase 1 : Time (s): cpu = 00:00:04 ; elapsed = 00:00:07 . Memory (MB): peak = 523.344 ; gain = 158.316
---------------------------------------------------------------------------------
INFO: [Device 21-403] Loading part xc7s15ftgb196-1
INFO: [Project 1-570] Preparing netlist for logic optimization

Processing XDC Constraints
Initializing timing engine
Completed Processing XDC Constraints

Netlist sorting complete. Time (s): cpu = 00:00:00 ; elapsed = 00:00:00 . Memory (MB): peak = 798.215 ; gain = 0.000
INFO: [Project 1-111] Unisim Transformation Summary:
No Unisim elements were transformed.

Netlist sorting complete. Time (s): cpu = 00:00:00 ; elapsed = 00:00:00 . Memory (MB): peak = 798.215 ; gain = 0.000
WARNING: [Constraints 18-5210] No constraints selected for write.
Resolution: This message can indicate that there are no constraints for the design, or it can indicate that the used_in flags are set such that the constraints are ignored. This later case is used when running synth_design to not write synthesis constraints to the resulting checkpoint. Instead, project constraints are read when the synthesized design is opened.
Constraint Validation Runtime : Time (s): cpu = 00:00:00 ; elapsed = 00:00:00.225 . Memory (MB): peak = 801.004 ; gain = 2.789
---------------------------------------------------------------------------------
Finished Constraint Validation : Time (s): cpu = 00:00:12 ; elapsed = 00:00:19 . Memory (MB): peak = 801.004 ; gain = 435.977
---------------------------------------------------------------------------------
---------------------------------------------------------------------------------
Start Loading Part and Timing Information
---------------------------------------------------------------------------------
Loading part: xc7s15ftgb196-1
---------------------------------------------------------------------------------
Finished Loading Part and Timing Information : Time (s): cpu = 00:00:12 ; elapsed = 00:00:19 . Memory (MB): peak = 801.004 ; gain = 435.977
---------------------------------------------------------------------------------
---------------------------------------------------------------------------------
Start Applying 'set_property' XDC Constraints
---------------------------------------------------------------------------------
---------------------------------------------------------------------------------
Finished applying 'set_property' XDC Constraints : Time (s): cpu = 00:00:12 ; elapsed = 00:00:19 . Memory (MB): peak = 801.004 ; gain = 435.977
---------------------------------------------------------------------------------
INFO: [Synth 8-5546] ROM "Data_Cnt" won't be mapped to RAM because it is too sparse
INFO: [Synth 8-5546] ROM "Send_State" won't be mapped to RAM because it is too sparse
INFO: [Synth 8-5546] ROM "LED_IO" won't be mapped to RAM because it is too sparse
INFO: [Synth 8-5546] ROM "Data_Cnt" won't be mapped to RAM because it is too sparse
INFO: [Synth 8-5546] ROM "Send_State" won't be mapped to RAM because it is too sparse
INFO: [Synth 8-5546] ROM "LED_IO" won't be mapped to RAM because it is too sparse
INFO: [Synth 8-5544] ROM "Send_Cnt" won't be mapped to Block RAM because address size (2) smaller than threshold (5)
---------------------------------------------------------------------------------
Finished RTL Optimization Phase 2 : Time (s): cpu = 00:00:12 ; elapsed = 00:00:20 . Memory (MB): peak = 801.004 ; gain = 435.977
---------------------------------------------------------------------------------

Report RTL Partitions: 
+-+--------------+------------+----------+
| |RTL Partition |Replication |Instances |
+-+--------------+------------+----------+
+-+--------------+------------+----------+
---------------------------------------------------------------------------------
Start RTL Component Statistics 
---------------------------------------------------------------------------------
Detailed RTL Component Info : 
+---Adders : 
	   2 Input     10 Bit       Adders := 1     
	   2 Input      9 Bit       Adders := 1     
+---Registers : 
	               10 Bit    Registers := 1     
	                9 Bit    Registers := 1     
	                2 Bit    Registers := 1     
	                1 Bit    Registers := 1     
+---Muxes : 
	   4 Input     10 Bit        Muxes := 1     
	   2 Input      9 Bit        Muxes := 1     
	   4 Input      9 Bit        Muxes := 1     
	   2 Input      2 Bit        Muxes := 2     
	   4 Input      2 Bit        Muxes := 1     
	   4 Input      1 Bit        Muxes := 4     
	   2 Input      1 Bit        Muxes := 5     
	   5 Input      1 Bit        Muxes := 1     
---------------------------------------------------------------------------------
Finished RTL Component Statistics 
---------------------------------------------------------------------------------
---------------------------------------------------------------------------------
Start RTL Hierarchical Component Statistics 
---------------------------------------------------------------------------------
Hierarchical RTL Component report 
Module Driver_SK6805 
Detailed RTL Component Info : 
+---Adders : 
	   2 Input     10 Bit       Adders := 1     
	   2 Input      9 Bit       Adders := 1     
+---Registers : 
	               10 Bit    Registers := 1     
	                9 Bit    Registers := 1     
	                2 Bit    Registers := 1     
	                1 Bit    Registers := 1     
+---Muxes : 
	   4 Input     10 Bit        Muxes := 1     
	   2 Input      9 Bit        Muxes := 1     
	   4 Input      9 Bit        Muxes := 1     
	   2 Input      2 Bit        Muxes := 2     
	   4 Input      2 Bit        Muxes := 1     
	   4 Input      1 Bit        Muxes := 4     
	   2 Input      1 Bit        Muxes := 5     
	   5 Input      1 Bit        Muxes := 1     
---------------------------------------------------------------------------------
Finished RTL Hierarchical Component Statistics
---------------------------------------------------------------------------------
---------------------------------------------------------------------------------
Start Part Resource Summary
---------------------------------------------------------------------------------
Part Resources:
DSPs: 20 (col length:20)
BRAMs: 20 (col length: RAMB18 20 RAMB36 10)
---------------------------------------------------------------------------------
Finished Part Resource Summary
---------------------------------------------------------------------------------
---------------------------------------------------------------------------------
Start Cross Boundary and Area Optimization
---------------------------------------------------------------------------------
Warning: Parallel synthesis criteria is not met 
INFO: [Synth 8-5546] ROM "inst/Data_Cnt" won't be mapped to RAM because it is too sparse
INFO: [Synth 8-5546] ROM "inst/LED_IO" won't be mapped to RAM because it is too sparse
---------------------------------------------------------------------------------
Finished Cross Boundary and Area Optimization : Time (s): cpu = 00:00:14 ; elapsed = 00:00:21 . Memory (MB): peak = 801.004 ; gain = 435.977
---------------------------------------------------------------------------------

Report RTL Partitions: 
+-+--------------+------------+----------+
| |RTL Partition |Replication |Instances |
+-+--------------+------------+----------+
+-+--------------+------------+----------+
---------------------------------------------------------------------------------
Start Applying XDC Timing Constraints
---------------------------------------------------------------------------------
---------------------------------------------------------------------------------
Finished Applying XDC Timing Constraints : Time (s): cpu = 00:00:22 ; elapsed = 00:00:30 . Memory (MB): peak = 809.871 ; gain = 444.844
---------------------------------------------------------------------------------
---------------------------------------------------------------------------------
Start Timing Optimization
---------------------------------------------------------------------------------
---------------------------------------------------------------------------------
Finished Timing Optimization : Time (s): cpu = 00:00:22 ; elapsed = 00:00:30 . Memory (MB): peak = 809.871 ; gain = 444.844
---------------------------------------------------------------------------------

Report RTL Partitions: 
+-+--------------+------------+----------+
| |RTL Partition |Replication |Instances |
+-+--------------+------------+----------+
+-+--------------+------------+----------+
---------------------------------------------------------------------------------
Start Technology Mapping
---------------------------------------------------------------------------------
---------------------------------------------------------------------------------
Finished Technology Mapping : Time (s): cpu = 00:00:22 ; elapsed = 00:00:30 . Memory (MB): peak = 829.871 ; gain = 464.844
---------------------------------------------------------------------------------

Report RTL Partitions: 
+-+--------------+------------+----------+
| |RTL Partition |Replication |Instances |
+-+--------------+------------+----------+
+-+--------------+------------+----------+
---------------------------------------------------------------------------------
Start IO Insertion
---------------------------------------------------------------------------------
---------------------------------------------------------------------------------
Start Flattening Before IO Insertion
---------------------------------------------------------------------------------
---------------------------------------------------------------------------------
Finished Flattening Before IO Insertion
---------------------------------------------------------------------------------
---------------------------------------------------------------------------------
Start Final Netlist Cleanup
---------------------------------------------------------------------------------
---------------------------------------------------------------------------------
Finished Final Netlist Cleanup
---------------------------------------------------------------------------------
---------------------------------------------------------------------------------
Finished IO Insertion : Time (s): cpu = 00:00:24 ; elapsed = 00:00:31 . Memory (MB): peak = 829.871 ; gain = 464.844
---------------------------------------------------------------------------------

Report Check Netlist: 
+------+------------------+-------+---------+-------+------------------+
|      |Item              |Errors |Warnings |Status |Description       |
+------+------------------+-------+---------+-------+------------------+
|1     |multi_driven_nets |      0|        0|Passed |Multi driven nets |
+------+------------------+-------+---------+-------+------------------+
---------------------------------------------------------------------------------
Start Renaming Generated Instances
---------------------------------------------------------------------------------
---------------------------------------------------------------------------------
Finished Renaming Generated Instances : Time (s): cpu = 00:00:24 ; elapsed = 00:00:31 . Memory (MB): peak = 829.871 ; gain = 464.844
---------------------------------------------------------------------------------

Report RTL Partitions: 
+-+--------------+------------+----------+
| |RTL Partition |Replication |Instances |
+-+--------------+------------+----------+
+-+--------------+------------+----------+
---------------------------------------------------------------------------------
Start Rebuilding User Hierarchy
---------------------------------------------------------------------------------
---------------------------------------------------------------------------------
Finished Rebuilding User Hierarchy : Time (s): cpu = 00:00:24 ; elapsed = 00:00:31 . Memory (MB): peak = 829.871 ; gain = 464.844
---------------------------------------------------------------------------------
---------------------------------------------------------------------------------
Start Renaming Generated Ports
---------------------------------------------------------------------------------
---------------------------------------------------------------------------------
Finished Renaming Generated Ports : Time (s): cpu = 00:00:24 ; elapsed = 00:00:31 . Memory (MB): peak = 829.871 ; gain = 464.844
---------------------------------------------------------------------------------
---------------------------------------------------------------------------------
Start Handling Custom Attributes
---------------------------------------------------------------------------------
---------------------------------------------------------------------------------
Finished Handling Custom Attributes : Time (s): cpu = 00:00:24 ; elapsed = 00:00:31 . Memory (MB): peak = 829.871 ; gain = 464.844
---------------------------------------------------------------------------------
---------------------------------------------------------------------------------
Start Renaming Generated Nets
---------------------------------------------------------------------------------
---------------------------------------------------------------------------------
Finished Renaming Generated Nets : Time (s): cpu = 00:00:24 ; elapsed = 00:00:31 . Memory (MB): peak = 829.871 ; gain = 464.844
---------------------------------------------------------------------------------
---------------------------------------------------------------------------------
Start Writing Synthesis Report
---------------------------------------------------------------------------------

Report BlackBoxes: 
+-+--------------+----------+
| |BlackBox name |Instances |
+-+--------------+----------+
+-+--------------+----------+

Report Cell Usage: 
+------+------+------+
|      |Cell  |Count |
+------+------+------+
|1     |LUT1  |     1|
|2     |LUT2  |     6|
|3     |LUT3  |    10|
|4     |LUT4  |     9|
|5     |LUT5  |    14|
|6     |LUT6  |    31|
|7     |MUXF7 |     2|
|8     |FDCE  |    22|
+------+------+------+

Report Instance Areas: 
+------+---------+--------------+------+
|      |Instance |Module        |Cells |
+------+---------+--------------+------+
|1     |top      |              |    95|
|2     |  inst   |Driver_SK6805 |    95|
+------+---------+--------------+------+
---------------------------------------------------------------------------------
Finished Writing Synthesis Report : Time (s): cpu = 00:00:24 ; elapsed = 00:00:31 . Memory (MB): peak = 829.871 ; gain = 464.844
---------------------------------------------------------------------------------
Synthesis finished with 0 errors, 0 critical warnings and 0 warnings.
Synthesis Optimization Runtime : Time (s): cpu = 00:00:15 ; elapsed = 00:00:22 . Memory (MB): peak = 829.871 ; gain = 187.184
Synthesis Optimization Complete : Time (s): cpu = 00:00:24 ; elapsed = 00:00:32 . Memory (MB): peak = 829.871 ; gain = 464.844
INFO: [Project 1-571] Translating synthesized netlist
INFO: [Netlist 29-17] Analyzing 2 Unisim elements for replacement
INFO: [Netlist 29-28] Unisim Transformation completed in 0 CPU seconds
INFO: [Project 1-570] Preparing netlist for logic optimization
INFO: [Opt 31-138] Pushed 0 inverter(s) to 0 load pin(s).
Netlist sorting complete. Time (s): cpu = 00:00:00 ; elapsed = 00:00:00 . Memory (MB): peak = 831.508 ; gain = 0.000
INFO: [Project 1-111] Unisim Transformation Summary:
No Unisim elements were transformed.

INFO: [Common 17-83] Releasing license: Synthesis
28 Infos, 2 Warnings, 0 Critical Warnings and 0 Errors encountered.
synth_design completed successfully
synth_design: Time (s): cpu = 00:00:26 ; elapsed = 00:00:35 . Memory (MB): peak = 831.508 ; gain = 478.523
Netlist sorting complete. Time (s): cpu = 00:00:00 ; elapsed = 00:00:00 . Memory (MB): peak = 831.508 ; gain = 0.000
WARNING: [Constraints 18-5210] No constraints selected for write.
Resolution: This message can indicate that there are no constraints for the design, or it can indicate that the used_in flags are set such that the constraints are ignored. This later case is used when running synth_design to not write synthesis constraints to the resulting checkpoint. Instead, project constraints are read when the synthesized design is opened.
INFO: [Common 17-1381] The checkpoint 'E:/Xilinxworkspace/Lab_11_2/Lab_11_2.runs/Driver_SK6805_0_synth_1/Driver_SK6805_0.dcp' has been generated.
INFO: [Coretcl 2-1648] Added synthesis output to IP cache for IP Driver_SK6805_0, cache-ID = 286208fe29d0dba5
Netlist sorting complete. Time (s): cpu = 00:00:00 ; elapsed = 00:00:00 . Memory (MB): peak = 831.508 ; gain = 0.000
WARNING: [Constraints 18-5210] No constraints selected for write.
Resolution: This message can indicate that there are no constraints for the design, or it can indicate that the used_in flags are set such that the constraints are ignored. This later case is used when running synth_design to not write synthesis constraints to the resulting checkpoint. Instead, project constraints are read when the synthesized design is opened.
INFO: [Common 17-1381] The checkpoint 'E:/Xilinxworkspace/Lab_11_2/Lab_11_2.runs/Driver_SK6805_0_synth_1/Driver_SK6805_0.dcp' has been generated.
INFO: [runtcl-4] Executing : report_utilization -file Driver_SK6805_0_utilization_synth.rpt -pb Driver_SK6805_0_utilization_synth.pb
INFO: [Common 17-206] Exiting Vivado at Fri Jul 31 15:53:22 2020...
